<?xml version="1.0" encoding="UTF-8"?>
<coverage generated="1577952845399" clover="3.2.0">
  <project timestamp="1577952845399" name="All files">
    <metrics statements="46" coveredstatements="31" conditionals="24" coveredconditionals="11" methods="5" coveredmethods="2" elements="75" coveredelements="44" complexity="0" loc="46" ncloc="46" packages="1" files="2" classes="2"/>
    <file name="firebase.ts" path="/Users/jmeng/Documents/code/forbidden-word/src/scripts/game/firebase.ts">
      <metrics statements="6" coveredstatements="6" conditionals="0" coveredconditionals="0" methods="0" coveredmethods="0"/>
      <line num="1" count="1" type="stmt"/>
      <line num="2" count="1" type="stmt"/>
      <line num="3" count="1" type="stmt"/>
      <line num="5" count="1" type="stmt"/>
      <line num="15" count="1" type="stmt"/>
      <line num="17" count="1" type="stmt"/>
    </file>
    <file name="utils.ts" path="/Users/jmeng/Documents/code/forbidden-word/src/scripts/game/utils.ts">
      <metrics statements="40" coveredstatements="25" conditionals="24" coveredconditionals="11" methods="5" coveredmethods="2"/>
      <line num="1" count="1" type="stmt"/>
      <line num="2" count="1" type="stmt"/>
      <line num="3" count="1" type="stmt"/>
      <line num="6" count="1" type="stmt"/>
      <line num="47" count="178" type="cond" truecount="2" falsecount="0"/>
      <line num="48" count="91" type="stmt"/>
      <line num="51" count="91" type="cond" truecount="2" falsecount="0"/>
      <line num="53" count="19" type="cond" truecount="2" falsecount="0"/>
      <line num="55" count="17" type="stmt"/>
      <line num="57" count="15" type="stmt"/>
      <line num="58" count="15" type="cond" truecount="2" falsecount="0"/>
      <line num="59" count="2" type="stmt"/>
      <line num="60" count="2" type="stmt"/>
      <line num="61" count="2" type="stmt"/>
      <line num="63" count="2" type="stmt"/>
      <line num="68" count="17" type="stmt"/>
      <line num="69" count="17" type="stmt"/>
      <line num="71" count="72" type="stmt"/>
      <line num="72" count="72" type="cond" truecount="2" falsecount="0"/>
      <line num="75" count="17" type="stmt"/>
      <line num="77" count="72" type="cond" truecount="1" falsecount="1"/>
      <line num="78" count="0" type="stmt"/>
      <line num="80" count="72" type="stmt"/>
      <line num="81" count="179" type="stmt"/>
      <line num="83" count="72" type="stmt"/>
      <line num="112" count="0" type="cond" truecount="0" falsecount="4"/>
      <line num="113" count="0" type="stmt"/>
      <line num="114" count="0" type="cond" truecount="0" falsecount="4"/>
      <line num="115" count="0" type="stmt"/>
      <line num="117" count="0" type="cond" truecount="0" falsecount="2"/>
      <line num="118" count="0" type="stmt"/>
      <line num="122" count="0" type="stmt"/>
      <line num="123" count="0" type="stmt"/>
      <line num="124" count="0" type="stmt"/>
      <line num="125" count="0" type="stmt"/>
      <line num="130" count="0" type="cond" truecount="0" falsecount="2"/>
      <line num="131" count="0" type="stmt"/>
      <line num="133" count="0" type="stmt"/>
      <line num="135" count="0" type="stmt"/>
      <line num="141" count="1" type="stmt"/>
    </file>
  </project>
</coverage>
