{"/Users/jmeng/Documents/code/forbidden-word/src/scripts/game/firebase.ts": {"path":"/Users/jmeng/Documents/code/forbidden-word/src/scripts/game/firebase.ts","statementMap":{"0":{"start":{"line":1,"column":0},"end":{"line":1,"column":41}},"1":{"start":{"line":2,"column":0},"end":{"line":2,"column":28}},"2":{"start":{"line":3,"column":0},"end":{"line":3,"column":23}},"3":{"start":{"line":5,"column":15},"end":{"line":14,"column":2}},"4":{"start":{"line":15,"column":0},"end":{"line":15,"column":31}},"5":{"start":{"line":17,"column":0},"end":{"line":17,"column":24}}},"fnMap":{},"branchMap":{},"s":{"0":1,"1":1,"2":1,"3":1,"4":1,"5":1},"f":{},"b":{}}
,"/Users/jmeng/Documents/code/forbidden-word/src/scripts/game/utils.ts": {"path":"/Users/jmeng/Documents/code/forbidden-word/src/scripts/game/utils.ts","statementMap":{"0":{"start":{"line":1,"column":0},"end":{"line":1,"column":34}},"1":{"start":{"line":2,"column":0},"end":{"line":2,"column":58}},"2":{"start":{"line":3,"column":0},"end":{"line":3,"column":35}},"3":{"start":{"line":6,"column":0},"end":{"line":6,"column":15}},"4":{"start":{"line":47,"column":44},"end":{"line":47,"column":null}},"5":{"start":{"line":48,"column":17},"end":{"line":48,"column":19}},"6":{"start":{"line":51,"column":4},"end":{"line":76,"column":null}},"7":{"start":{"line":53,"column":8},"end":{"line":65,"column":null}},"8":{"start":{"line":55,"column":27},"end":{"line":55,"column":97}},"9":{"start":{"line":55,"column":72},"end":{"line":55,"column":97}},"10":{"start":{"line":57,"column":25},"end":{"line":57,"column":27}},"11":{"start":{"line":58,"column":12},"end":{"line":64,"column":null}},"12":{"start":{"line":59,"column":16},"end":{"line":59,"column":61}},"13":{"start":{"line":60,"column":16},"end":{"line":62,"column":null}},"14":{"start":{"line":60,"column":29},"end":{"line":60,"column":30}},"15":{"start":{"line":61,"column":20},"end":{"line":61,"column":72}},"16":{"start":{"line":63,"column":16},"end":{"line":63,"column":30}},"17":{"start":{"line":68,"column":17},"end":{"line":68,"column":32}},"18":{"start":{"line":69,"column":19},"end":{"line":69,"column":45}},"19":{"start":{"line":71,"column":8},"end":{"line":73,"column":null}},"20":{"start":{"line":71,"column":26},"end":{"line":71,"column":35}},"21":{"start":{"line":71,"column":33},"end":{"line":71,"column":35}},"22":{"start":{"line":71,"column":22},"end":{"line":71,"column":26}},"23":{"start":{"line":72,"column":12},"end":{"line":72,"column":60}},"24":{"start":{"line":75,"column":8},"end":{"line":75,"column":22}},"25":{"start":{"line":77,"column":4},"end":{"line":79,"column":null}},"26":{"start":{"line":78,"column":8},"end":{"line":78,"column":85}},"27":{"start":{"line":80,"column":4},"end":{"line":82,"column":null}},"28":{"start":{"line":80,"column":17},"end":{"line":80,"column":36}},"29":{"start":{"line":81,"column":8},"end":{"line":81,"column":41}},"30":{"start":{"line":83,"column":4},"end":{"line":83,"column":18}},"31":{"start":{"line":141,"column":27},"end":{"line":141,"column":32}},"32":{"start":{"line":112,"column":32},"end":{"line":112,"column":47}},"33":{"start":{"line":112,"column":47},"end":{"line":112,"column":null}},"34":{"start":{"line":113,"column":4},"end":{"line":113,"column":34}},"35":{"start":{"line":114,"column":4},"end":{"line":116,"column":null}},"36":{"start":{"line":115,"column":8},"end":{"line":115,"column":21}},"37":{"start":{"line":117,"column":4},"end":{"line":119,"column":null}},"38":{"start":{"line":118,"column":8},"end":{"line":118,"column":43}},"39":{"start":{"line":122,"column":8},"end":{"line":122,"column":36}},"40":{"start":{"line":123,"column":8},"end":{"line":123,"column":20}},"41":{"start":{"line":124,"column":4},"end":{"line":124,"column":98}},"42":{"start":{"line":124,"column":40},"end":{"line":124,"column":98}},"43":{"start":{"line":125,"column":4},"end":{"line":138,"column":15}},"44":{"start":{"line":130,"column":16},"end":{"line":137,"column":null}},"45":{"start":{"line":131,"column":20},"end":{"line":131,"column":34}},"46":{"start":{"line":133,"column":20},"end":{"line":136,"column":31}},"47":{"start":{"line":135,"column":32},"end":{"line":135,"column":42}},"48":{"start":{"line":141,"column":9},"end":{"line":141,"column":25}}},"fnMap":{"0":{"name":"range","decl":{"start":{"line":47,"column":9},"end":{"line":47,"column":14}},"loc":{"start":{"line":47,"column":77},"end":{"line":85,"column":1}}},"1":{"name":"(anonymous_20)","decl":{"start":{"line":55,"column":67},"end":{"line":55,"column":68}},"loc":{"start":{"line":55,"column":68},"end":{"line":55,"column":73}}},"2":{"name":"generateRandomId","decl":{"start":{"line":112,"column":15},"end":{"line":112,"column":31}},"loc":{"start":{"line":112,"column":56},"end":{"line":139,"column":null}}},"3":{"name":"(anonymous_24)","decl":{"start":{"line":129,"column":18},"end":{"line":129,"column":27}},"loc":{"start":{"line":129,"column":30},"end":{"line":138,"column":13}}},"4":{"name":"(anonymous_25)","decl":{"start":{"line":134,"column":34},"end":{"line":134,"column":44}},"loc":{"start":{"line":134,"column":46},"end":{"line":136,"column":29}}}},"branchMap":{"0":{"loc":{"start":{"line":47,"column":44},"end":{"line":47,"column":null}},"type":"if","locations":[{"start":{"line":47,"column":44},"end":{"line":47,"column":null}},{"start":{"line":47,"column":44},"end":{"line":47,"column":null}}]},"1":{"loc":{"start":{"line":51,"column":4},"end":{"line":76,"column":null}},"type":"if","locations":[{"start":{"line":51,"column":4},"end":{"line":76,"column":null}},{"start":{"line":51,"column":4},"end":{"line":76,"column":null}}]},"2":{"loc":{"start":{"line":53,"column":8},"end":{"line":65,"column":null}},"type":"if","locations":[{"start":{"line":53,"column":8},"end":{"line":65,"column":null}},{"start":{"line":53,"column":8},"end":{"line":65,"column":null}}]},"3":{"loc":{"start":{"line":58,"column":12},"end":{"line":64,"column":null}},"type":"if","locations":[{"start":{"line":58,"column":12},"end":{"line":64,"column":null}},{"start":{"line":58,"column":12},"end":{"line":64,"column":null}}]},"4":{"loc":{"start":{"line":72,"column":38},"end":{"line":72,"column":46}},"type":"binary-expr","locations":[{"start":{"line":72,"column":38},"end":{"line":72,"column":46}},{"start":{"line":72,"column":50},"end":{"line":72,"column":58}}]},"5":{"loc":{"start":{"line":77,"column":4},"end":{"line":79,"column":null}},"type":"if","locations":[{"start":{"line":77,"column":4},"end":{"line":79,"column":null}},{"start":{"line":77,"column":4},"end":{"line":79,"column":null}}]},"6":{"loc":{"start":{"line":112,"column":32},"end":{"line":112,"column":47}},"type":"if","locations":[{"start":{"line":112,"column":32},"end":{"line":112,"column":47}},{"start":{"line":112,"column":32},"end":{"line":112,"column":47}}]},"7":{"loc":{"start":{"line":112,"column":47},"end":{"line":112,"column":null}},"type":"if","locations":[{"start":{"line":112,"column":47},"end":{"line":112,"column":null}},{"start":{"line":112,"column":47},"end":{"line":112,"column":null}}]},"8":{"loc":{"start":{"line":114,"column":4},"end":{"line":116,"column":null}},"type":"if","locations":[{"start":{"line":114,"column":4},"end":{"line":116,"column":null}},{"start":{"line":114,"column":4},"end":{"line":116,"column":null}}]},"9":{"loc":{"start":{"line":114,"column":8},"end":{"line":114,"column":23}},"type":"binary-expr","locations":[{"start":{"line":114,"column":8},"end":{"line":114,"column":23}},{"start":{"line":114,"column":27},"end":{"line":114,"column":37}}]},"10":{"loc":{"start":{"line":117,"column":4},"end":{"line":119,"column":null}},"type":"if","locations":[{"start":{"line":117,"column":4},"end":{"line":119,"column":null}},{"start":{"line":117,"column":4},"end":{"line":119,"column":null}}]},"11":{"loc":{"start":{"line":130,"column":16},"end":{"line":137,"column":null}},"type":"if","locations":[{"start":{"line":130,"column":16},"end":{"line":137,"column":null}},{"start":{"line":130,"column":16},"end":{"line":137,"column":null}}]}},"s":{"0":1,"1":1,"2":1,"3":1,"4":178,"5":91,"6":91,"7":19,"8":15,"9":17,"10":15,"11":15,"12":2,"13":2,"14":2,"15":2,"16":2,"17":17,"18":17,"19":17,"20":17,"21":17,"22":72,"23":72,"24":17,"25":72,"26":0,"27":72,"28":72,"29":179,"30":72,"31":1,"32":0,"33":0,"34":0,"35":0,"36":0,"37":0,"38":0,"39":0,"40":0,"41":0,"42":0,"43":0,"44":0,"45":0,"46":0,"47":0,"48":1},"f":{"0":91,"1":17,"2":0,"3":0,"4":0},"b":{"0":[87,4],"1":[19,72],"2":[15,4],"3":[2,13],"4":[72,53],"5":[0,72],"6":[0,0],"7":[0,0],"8":[0,0],"9":[0,0],"10":[0,0],"11":[0,0]}}
}
