TN:
SF:/Users/jmeng/Documents/code/forbidden-word/src/scripts/game/firebase.ts
FNF:0
FNH:0
DA:1,1
DA:2,1
DA:3,1
DA:5,1
DA:15,1
DA:17,1
LF:6
LH:6
BRF:0
BRH:0
end_of_record
TN:
SF:/Users/jmeng/Documents/code/forbidden-word/src/scripts/game/utils.ts
FN:47,range
FN:55,(anonymous_20)
FN:112,generateRandomId
FN:129,(anonymous_24)
FN:134,(anonymous_25)
FNF:5
FNH:2
FNDA:91,range
FNDA:17,(anonymous_20)
FNDA:0,generateRandomId
FNDA:0,(anonymous_24)
FNDA:0,(anonymous_25)
DA:1,1
DA:2,1
DA:3,1
DA:6,1
DA:47,178
DA:48,91
DA:51,91
DA:53,19
DA:55,17
DA:57,15
DA:58,15
DA:59,2
DA:60,2
DA:61,2
DA:63,2
DA:68,17
DA:69,17
DA:71,72
DA:72,72
DA:75,17
DA:77,72
DA:78,0
DA:80,72
DA:81,179
DA:83,72
DA:112,0
DA:113,0
DA:114,0
DA:115,0
DA:117,0
DA:118,0
DA:122,0
DA:123,0
DA:124,0
DA:125,0
DA:130,0
DA:131,0
DA:133,0
DA:135,0
DA:141,1
LF:40
LH:25
BRDA:47,0,0,87
BRDA:47,0,1,4
BRDA:51,1,0,19
BRDA:51,1,1,72
BRDA:53,2,0,15
BRDA:53,2,1,4
BRDA:58,3,0,2
BRDA:58,3,1,13
BRDA:72,4,0,72
BRDA:72,4,1,53
BRDA:77,5,0,0
BRDA:77,5,1,72
BRDA:112,6,0,0
BRDA:112,6,1,0
BRDA:112,7,0,0
BRDA:112,7,1,0
BRDA:114,8,0,0
BRDA:114,8,1,0
BRDA:114,9,0,0
BRDA:114,9,1,0
BRDA:117,10,0,0
BRDA:117,10,1,0
BRDA:130,11,0,0
BRDA:130,11,1,0
BRF:24
BRH:11
end_of_record
